Started GET "/users" for 127.0.0.1 at 2019-06-06 14:54:31 -0400
  [1m[35m (1.4ms)[0m  [1m[34mSELECT "schema_migrations"."version" FROM "schema_migrations" ORDER BY "schema_migrations"."version" ASC[0m
  
ActiveRecord::PendingMigrationError (

Migrations are pending. To resolve this issue, run:

        bin/rails db:migrate RAILS_ENV=development

):
  
activerecord (5.1.5) lib/active_record/migration.rb:576:in `check_pending!'
activerecord (5.1.5) lib/active_record/migration.rb:553:in `call'
actionpack (5.1.5) lib/action_dispatch/middleware/callbacks.rb:26:in `block in call'
activesupport (5.1.5) lib/active_support/callbacks.rb:97:in `run_callbacks'
actionpack (5.1.5) lib/action_dispatch/middleware/callbacks.rb:24:in `call'
actionpack (5.1.5) lib/action_dispatch/middleware/executor.rb:12:in `call'
actionpack (5.1.5) lib/action_dispatch/middleware/debug_exceptions.rb:59:in `call'
web-console (3.5.1) lib/web_console/middleware.rb:135:in `call_app'
web-console (3.5.1) lib/web_console/middleware.rb:28:in `block in call'
web-console (3.5.1) lib/web_console/middleware.rb:18:in `catch'
web-console (3.5.1) lib/web_console/middleware.rb:18:in `call'
actionpack (5.1.5) lib/action_dispatch/middleware/show_exceptions.rb:31:in `call'
railties (5.1.5) lib/rails/rack/logger.rb:36:in `call_app'
railties (5.1.5) lib/rails/rack/logger.rb:24:in `block in call'
activesupport (5.1.5) lib/active_support/tagged_logging.rb:69:in `block in tagged'
activesupport (5.1.5) lib/active_support/tagged_logging.rb:26:in `tagged'
activesupport (5.1.5) lib/active_support/tagged_logging.rb:69:in `tagged'
railties (5.1.5) lib/rails/rack/logger.rb:24:in `call'
sprockets-rails (3.2.1) lib/sprockets/rails/quiet_assets.rb:13:in `call'
actionpack (5.1.5) lib/action_dispatch/middleware/remote_ip.rb:79:in `call'
actionpack (5.1.5) lib/action_dispatch/middleware/request_id.rb:25:in `call'
rack (2.0.4) lib/rack/method_override.rb:22:in `call'
rack (2.0.4) lib/rack/runtime.rb:22:in `call'
activesupport (5.1.5) lib/active_support/cache/strategy/local_cache_middleware.rb:27:in `call'
actionpack (5.1.5) lib/action_dispatch/middleware/executor.rb:12:in `call'
actionpack (5.1.5) lib/action_dispatch/middleware/static.rb:125:in `call'
rack (2.0.4) lib/rack/sendfile.rb:111:in `call'
railties (5.1.5) lib/rails/engine.rb:522:in `call'
puma (3.11.2) lib/puma/configuration.rb:225:in `call'
puma (3.11.2) lib/puma/server.rb:624:in `handle_request'
puma (3.11.2) lib/puma/server.rb:438:in `process_client'
puma (3.11.2) lib/puma/server.rb:302:in `block in run'
puma (3.11.2) lib/puma/thread_pool.rb:120:in `block in spawn_thread'
  [1m[35m (0.4ms)[0m  [1m[34mSELECT pg_try_advisory_lock(4866708860584297230)[0m
  [1m[35m (1.2ms)[0m  [1m[34mSELECT "schema_migrations"."version" FROM "schema_migrations" ORDER BY "schema_migrations"."version" ASC[0m
Migrating to CreateUsers (20180220182559)
  [1m[35m (0.2ms)[0m  [1m[35mBEGIN[0m
  [1m[35m (3.7ms)[0m  [1m[35mCREATE TABLE "users" ("id" bigserial primary key, "name" character varying, "email" character varying, "created_at" timestamp NOT NULL, "updated_at" timestamp NOT NULL)[0m
  [1m[35m (0.2ms)[0m  [1m[31mROLLBACK[0m
  [1m[35m (0.4ms)[0m  [1m[34mSELECT pg_advisory_unlock(4866708860584297230)[0m
  [1m[35m (1.0ms)[0m  [1m[34mSELECT "schema_migrations"."version" FROM "schema_migrations" ORDER BY "schema_migrations"."version" ASC[0m
  [1m[35m (0.4ms)[0m  [1m[34mSELECT pg_try_advisory_lock(4866708860584297230)[0m
  [1m[35m (1.4ms)[0m  [1m[34mSELECT "schema_migrations"."version" FROM "schema_migrations" ORDER BY "schema_migrations"."version" ASC[0m
Migrating to CreateUsers (20180220182559)
  [1m[35m (0.3ms)[0m  [1m[35mBEGIN[0m
  [1m[35m (3.0ms)[0m  [1m[35mCREATE TABLE "users" ("id" bigserial primary key, "name" character varying, "email" character varying, "created_at" timestamp NOT NULL, "updated_at" timestamp NOT NULL)[0m
  [1m[35m (0.2ms)[0m  [1m[31mROLLBACK[0m
  [1m[35m (0.4ms)[0m  [1m[34mSELECT pg_advisory_unlock(4866708860584297230)[0m
  [1m[35m (0.2ms)[0m  [1m[34mSELECT pg_try_advisory_lock(4866708860584297230)[0m
  [1m[35m (1.1ms)[0m  [1m[34mSELECT "schema_migrations"."version" FROM "schema_migrations" ORDER BY "schema_migrations"."version" ASC[0m
Migrating to CreateUsers (20180220182559)
  [1m[35m (0.2ms)[0m  [1m[35mBEGIN[0m
  [1m[35m (3.3ms)[0m  [1m[35mCREATE TABLE "users" ("id" bigserial primary key, "name" character varying, "email" character varying, "created_at" timestamp NOT NULL, "updated_at" timestamp NOT NULL)[0m
  [1m[35m (0.2ms)[0m  [1m[31mROLLBACK[0m
  [1m[35m (0.4ms)[0m  [1m[34mSELECT pg_advisory_unlock(4866708860584297230)[0m
  [1m[35m (1.1ms)[0m  [1m[34mSELECT "schema_migrations"."version" FROM "schema_migrations" ORDER BY "schema_migrations"."version" ASC[0m
  [1m[35m (0.5ms)[0m  [1m[34mSELECT pg_try_advisory_lock(4866708860584297230)[0m
  [1m[35m (1.1ms)[0m  [1m[34mSELECT "schema_migrations"."version" FROM "schema_migrations" ORDER BY "schema_migrations"."version" ASC[0m
Migrating to CreateUsers (20180220182559)
  [1m[35m (3.5ms)[0m  [1m[35mBEGIN[0m
  [1m[35m (3.4ms)[0m  [1m[35mCREATE TABLE "users" ("id" bigserial primary key, "name" character varying, "email" character varying, "created_at" timestamp NOT NULL, "updated_at" timestamp NOT NULL)[0m
  [1m[35m (0.3ms)[0m  [1m[31mROLLBACK[0m
  [1m[35m (0.5ms)[0m  [1m[34mSELECT pg_advisory_unlock(4866708860584297230)[0m
  [1m[35m (1.2ms)[0m  [1m[34mSELECT "schema_migrations"."version" FROM "schema_migrations" ORDER BY "schema_migrations"."version" ASC[0m
  [1m[35m (0.6ms)[0m  [1m[34mSELECT "ar_internal_metadata"."value" FROM "ar_internal_metadata" WHERE "ar_internal_metadata"."key" = $1[0m  [["key", "environment"]]
  [1m[35m (0.5ms)[0m  [1m[34mSELECT "schema_migrations"."version" FROM "schema_migrations" ORDER BY "schema_migrations"."version" ASC[0m
  [1m[35m (0.4ms)[0m  [1m[34mSELECT "ar_internal_metadata"."value" FROM "ar_internal_metadata" WHERE "ar_internal_metadata"."key" = $1[0m  [["key", "environment"]]
  [1m[35m (0.4ms)[0m  [1m[34mSELECT "schema_migrations"."version" FROM "schema_migrations" ORDER BY "schema_migrations"."version" ASC[0m
  [1m[35m (0.3ms)[0m  [1m[34mSELECT "ar_internal_metadata"."value" FROM "ar_internal_metadata" WHERE "ar_internal_metadata"."key" = $1[0m  [["key", "environment"]]
  [1m[35m (116.1ms)[0m  [1m[35mDROP DATABASE IF EXISTS "musify_development"[0m
  [1m[35m (115.3ms)[0m  [1m[35mDROP DATABASE IF EXISTS "musify_test"[0m
  [1m[35m (16.1ms)[0m  [1m[35mCREATE TABLE "schema_migrations" ("version" character varying NOT NULL PRIMARY KEY)[0m
  [1m[35m (8.3ms)[0m  [1m[35mCREATE TABLE "ar_internal_metadata" ("key" character varying NOT NULL PRIMARY KEY, "value" character varying, "created_at" timestamp NOT NULL, "updated_at" timestamp NOT NULL)[0m
  [1m[35m (0.3ms)[0m  [1m[34mSELECT pg_try_advisory_lock(4866708860584297230)[0m
  [1m[35m (0.9ms)[0m  [1m[34mSELECT "schema_migrations"."version" FROM "schema_migrations" ORDER BY "schema_migrations"."version" ASC[0m
Migrating to CreateUsers (20180220182559)
  [1m[35m (0.2ms)[0m  [1m[35mBEGIN[0m
  [1m[35m (8.6ms)[0m  [1m[35mCREATE TABLE "users" ("id" bigserial primary key, "name" character varying, "email" character varying, "created_at" timestamp NOT NULL, "updated_at" timestamp NOT NULL)[0m
  [1m[35mSQL (1.1ms)[0m  [1m[32mINSERT INTO "schema_migrations" ("version") VALUES ($1) RETURNING "version"[0m  [["version", "20180220182559"]]
  [1m[35m (4.5ms)[0m  [1m[35mCOMMIT[0m
Migrating to CreatePlaylists (20180220182620)
  [1m[35m (0.3ms)[0m  [1m[35mBEGIN[0m
  [1m[35m (8.2ms)[0m  [1m[35mCREATE TABLE "playlists" ("id" bigserial primary key, "name" character varying, "user_id" bigint, "created_at" timestamp NOT NULL, "updated_at" timestamp NOT NULL, CONSTRAINT "fk_rails_d67ef1eb45"
FOREIGN KEY ("user_id")
  REFERENCES "users" ("id")
)[0m
  [1m[35m (2.8ms)[0m  [1m[35mCREATE  INDEX  "index_playlists_on_user_id" ON "playlists"  ("user_id")[0m
  [1m[35mSQL (0.5ms)[0m  [1m[32mINSERT INTO "schema_migrations" ("version") VALUES ($1) RETURNING "version"[0m  [["version", "20180220182620"]]
  [1m[35m (4.3ms)[0m  [1m[35mCOMMIT[0m
Migrating to CreateSongs (20180220191945)
  [1m[35m (0.3ms)[0m  [1m[35mBEGIN[0m
  [1m[35m (7.1ms)[0m  [1m[35mCREATE TABLE "songs" ("id" bigserial primary key, "artist" character varying, "name" character varying, "playlist_id" bigint, "created_at" timestamp NOT NULL, "updated_at" timestamp NOT NULL, CONSTRAINT "fk_rails_90043ff4b0"
FOREIGN KEY ("playlist_id")
  REFERENCES "playlists" ("id")
)[0m
  [1m[35m (3.0ms)[0m  [1m[35mCREATE  INDEX  "index_songs_on_playlist_id" ON "songs"  ("playlist_id")[0m
  [1m[35mSQL (0.6ms)[0m  [1m[32mINSERT INTO "schema_migrations" ("version") VALUES ($1) RETURNING "version"[0m  [["version", "20180220191945"]]
  [1m[35m (1.4ms)[0m  [1m[35mCOMMIT[0m
  [1m[36mActiveRecord::InternalMetadata Load (0.6ms)[0m  [1m[34mSELECT  "ar_internal_metadata".* FROM "ar_internal_metadata" WHERE "ar_internal_metadata"."key" = $1 LIMIT $2[0m  [["key", "environment"], ["LIMIT", 1]]
  [1m[35m (0.3ms)[0m  [1m[35mBEGIN[0m
  [1m[35mSQL (0.8ms)[0m  [1m[32mINSERT INTO "ar_internal_metadata" ("key", "value", "created_at", "updated_at") VALUES ($1, $2, $3, $4) RETURNING "key"[0m  [["key", "environment"], ["value", "development"], ["created_at", "2019-06-06 18:57:59.945902"], ["updated_at", "2019-06-06 18:57:59.945902"]]
  [1m[35m (1.1ms)[0m  [1m[35mCOMMIT[0m
  [1m[35m (0.9ms)[0m  [1m[34mSELECT pg_advisory_unlock(4866708860584297230)[0m
  [1m[35m (0.6ms)[0m  [1m[34mSELECT "schema_migrations"."version" FROM "schema_migrations" ORDER BY "schema_migrations"."version" ASC[0m
Started POST "/playlists" for 127.0.0.1 at 2019-06-06 14:58:10 -0400
  [1m[35m (1.0ms)[0m  [1m[34mSELECT "schema_migrations"."version" FROM "schema_migrations" ORDER BY "schema_migrations"."version" ASC[0m
Processing by PlaylistsController#create as HTML
  Parameters: {"utf8"=>"✓", "authenticity_token"=>"UE4V9xmK77ZDwwMtuwLFl1L4togvA69Ye24lgRRSWd4oZim7Mfpj9tfEWzkyNm02XVuPYCOorl7nQhtV3MTFnA==", "playlist"=>{"name"=>"dad", "user_id"=>"dadad"}, "commit"=>"Create Playlist"}
Can't verify CSRF token authenticity.
Completed 422 Unprocessable Entity in 12ms (ActiveRecord: 0.0ms)


  
ActionController::InvalidAuthenticityToken (ActionController::InvalidAuthenticityToken):
  
actionpack (5.1.5) lib/action_controller/metal/request_forgery_protection.rb:195:in `handle_unverified_request'
actionpack (5.1.5) lib/action_controller/metal/request_forgery_protection.rb:227:in `handle_unverified_request'
actionpack (5.1.5) lib/action_controller/metal/request_forgery_protection.rb:222:in `verify_authenticity_token'
activesupport (5.1.5) lib/active_support/callbacks.rb:413:in `block in make_lambda'
activesupport (5.1.5) lib/active_support/callbacks.rb:197:in `block (2 levels) in halting'
actionpack (5.1.5) lib/abstract_controller/callbacks.rb:12:in `block (2 levels) in <module:Callbacks>'
activesupport (5.1.5) lib/active_support/callbacks.rb:198:in `block in halting'
activesupport (5.1.5) lib/active_support/callbacks.rb:507:in `block in invoke_before'
activesupport (5.1.5) lib/active_support/callbacks.rb:507:in `each'
activesupport (5.1.5) lib/active_support/callbacks.rb:507:in `invoke_before'
activesupport (5.1.5) lib/active_support/callbacks.rb:130:in `run_callbacks'
actionpack (5.1.5) lib/abstract_controller/callbacks.rb:19:in `process_action'
actionpack (5.1.5) lib/action_controller/metal/rescue.rb:20:in `process_action'
actionpack (5.1.5) lib/action_controller/metal/instrumentation.rb:32:in `block in process_action'
activesupport (5.1.5) lib/active_support/notifications.rb:166:in `block in instrument'
activesupport (5.1.5) lib/active_support/notifications/instrumenter.rb:21:in `instrument'
activesupport (5.1.5) lib/active_support/notifications.rb:166:in `instrument'
actionpack (5.1.5) lib/action_controller/metal/instrumentation.rb:30:in `process_action'
actionpack (5.1.5) lib/action_controller/metal/params_wrapper.rb:252:in `process_action'
activerecord (5.1.5) lib/active_record/railties/controller_runtime.rb:22:in `process_action'
actionpack (5.1.5) lib/abstract_controller/base.rb:124:in `process'
actionview (5.1.5) lib/action_view/rendering.rb:30:in `process'
actionpack (5.1.5) lib/action_controller/metal.rb:189:in `dispatch'
actionpack (5.1.5) lib/action_controller/metal.rb:253:in `dispatch'
actionpack (5.1.5) lib/action_dispatch/routing/route_set.rb:49:in `dispatch'
actionpack (5.1.5) lib/action_dispatch/routing/route_set.rb:31:in `serve'
actionpack (5.1.5) lib/action_dispatch/journey/router.rb:50:in `block in serve'
actionpack (5.1.5) lib/action_dispatch/journey/router.rb:33:in `each'
actionpack (5.1.5) lib/action_dispatch/journey/router.rb:33:in `serve'
actionpack (5.1.5) lib/action_dispatch/routing/route_set.rb:844:in `call'
rack (2.0.4) lib/rack/etag.rb:25:in `call'
rack (2.0.4) lib/rack/conditional_get.rb:38:in `call'
rack (2.0.4) lib/rack/head.rb:12:in `call'
rack (2.0.4) lib/rack/session/abstract/id.rb:232:in `context'
rack (2.0.4) lib/rack/session/abstract/id.rb:226:in `call'
actionpack (5.1.5) lib/action_dispatch/middleware/cookies.rb:613:in `call'
activerecord (5.1.5) lib/active_record/migration.rb:556:in `call'
actionpack (5.1.5) lib/action_dispatch/middleware/callbacks.rb:26:in `block in call'
activesupport (5.1.5) lib/active_support/callbacks.rb:97:in `run_callbacks'
actionpack (5.1.5) lib/action_dispatch/middleware/callbacks.rb:24:in `call'
actionpack (5.1.5) lib/action_dispatch/middleware/executor.rb:12:in `call'
actionpack (5.1.5) lib/action_dispatch/middleware/debug_exceptions.rb:59:in `call'
web-console (3.5.1) lib/web_console/middleware.rb:135:in `call_app'
web-console (3.5.1) lib/web_console/middleware.rb:28:in `block in call'
web-console (3.5.1) lib/web_console/middleware.rb:18:in `catch'
web-console (3.5.1) lib/web_console/middleware.rb:18:in `call'
actionpack (5.1.5) lib/action_dispatch/middleware/show_exceptions.rb:31:in `call'
railties (5.1.5) lib/rails/rack/logger.rb:36:in `call_app'
railties (5.1.5) lib/rails/rack/logger.rb:24:in `block in call'
activesupport (5.1.5) lib/active_support/tagged_logging.rb:69:in `block in tagged'
activesupport (5.1.5) lib/active_support/tagged_logging.rb:26:in `tagged'
activesupport (5.1.5) lib/active_support/tagged_logging.rb:69:in `tagged'
railties (5.1.5) lib/rails/rack/logger.rb:24:in `call'
sprockets-rails (3.2.1) lib/sprockets/rails/quiet_assets.rb:13:in `call'
actionpack (5.1.5) lib/action_dispatch/middleware/remote_ip.rb:79:in `call'
actionpack (5.1.5) lib/action_dispatch/middleware/request_id.rb:25:in `call'
rack (2.0.4) lib/rack/method_override.rb:22:in `call'
rack (2.0.4) lib/rack/runtime.rb:22:in `call'
activesupport (5.1.5) lib/active_support/cache/strategy/local_cache_middleware.rb:27:in `call'
actionpack (5.1.5) lib/action_dispatch/middleware/executor.rb:12:in `call'
actionpack (5.1.5) lib/action_dispatch/middleware/static.rb:125:in `call'
rack (2.0.4) lib/rack/sendfile.rb:111:in `call'
railties (5.1.5) lib/rails/engine.rb:522:in `call'
puma (3.11.2) lib/puma/configuration.rb:225:in `call'
puma (3.11.2) lib/puma/server.rb:624:in `handle_request'
puma (3.11.2) lib/puma/server.rb:438:in `process_client'
puma (3.11.2) lib/puma/server.rb:302:in `block in run'
puma (3.11.2) lib/puma/thread_pool.rb:120:in `block in spawn_thread'
Started POST "/playlists" for 127.0.0.1 at 2019-06-06 15:00:05 -0400
  
ActionController::RoutingError (undefined method `skip_before_filter' for ApplicationController:Class
Did you mean?  skip_before_action):
  
app/controllers/application_controller.rb:3:in `<class:ApplicationController>'
app/controllers/application_controller.rb:1:in `<top (required)>'
app/controllers/playlists_controller.rb:1:in `<top (required)>'
Started POST "/playlists" for 127.0.0.1 at 2019-06-06 15:00:40 -0400
Processing by PlaylistsController#create as HTML
  Parameters: {"utf8"=>"✓", "authenticity_token"=>"UE4V9xmK77ZDwwMtuwLFl1L4togvA69Ye24lgRRSWd4oZim7Mfpj9tfEWzkyNm02XVuPYCOorl7nQhtV3MTFnA==", "playlist"=>{"name"=>"dad", "user_id"=>"dadad"}, "commit"=>"Create Playlist"}
Can't verify CSRF token authenticity.
Completed 422 Unprocessable Entity in 19ms (ActiveRecord: 0.0ms)


  
ActionController::InvalidAuthenticityToken (ActionController::InvalidAuthenticityToken):
  
actionpack (5.1.5) lib/action_controller/metal/request_forgery_protection.rb:195:in `handle_unverified_request'
actionpack (5.1.5) lib/action_controller/metal/request_forgery_protection.rb:227:in `handle_unverified_request'
actionpack (5.1.5) lib/action_controller/metal/request_forgery_protection.rb:222:in `verify_authenticity_token'
activesupport (5.1.5) lib/active_support/callbacks.rb:413:in `block in make_lambda'
activesupport (5.1.5) lib/active_support/callbacks.rb:197:in `block (2 levels) in halting'
actionpack (5.1.5) lib/abstract_controller/callbacks.rb:12:in `block (2 levels) in <module:Callbacks>'
activesupport (5.1.5) lib/active_support/callbacks.rb:198:in `block in halting'
activesupport (5.1.5) lib/active_support/callbacks.rb:507:in `block in invoke_before'
activesupport (5.1.5) lib/active_support/callbacks.rb:507:in `each'
activesupport (5.1.5) lib/active_support/callbacks.rb:507:in `invoke_before'
activesupport (5.1.5) lib/active_support/callbacks.rb:130:in `run_callbacks'
actionpack (5.1.5) lib/abstract_controller/callbacks.rb:19:in `process_action'
actionpack (5.1.5) lib/action_controller/metal/rescue.rb:20:in `process_action'
actionpack (5.1.5) lib/action_controller/metal/instrumentation.rb:32:in `block in process_action'
activesupport (5.1.5) lib/active_support/notifications.rb:166:in `block in instrument'
activesupport (5.1.5) lib/active_support/notifications/instrumenter.rb:21:in `instrument'
activesupport (5.1.5) lib/active_support/notifications.rb:166:in `instrument'
actionpack (5.1.5) lib/action_controller/metal/instrumentation.rb:30:in `process_action'
actionpack (5.1.5) lib/action_controller/metal/params_wrapper.rb:252:in `process_action'
activerecord (5.1.5) lib/active_record/railties/controller_runtime.rb:22:in `process_action'
actionpack (5.1.5) lib/abstract_controller/base.rb:124:in `process'
actionview (5.1.5) lib/action_view/rendering.rb:30:in `process'
actionpack (5.1.5) lib/action_controller/metal.rb:189:in `dispatch'
actionpack (5.1.5) lib/action_controller/metal.rb:253:in `dispatch'
actionpack (5.1.5) lib/action_dispatch/routing/route_set.rb:49:in `dispatch'
actionpack (5.1.5) lib/action_dispatch/routing/route_set.rb:31:in `serve'
actionpack (5.1.5) lib/action_dispatch/journey/router.rb:50:in `block in serve'
actionpack (5.1.5) lib/action_dispatch/journey/router.rb:33:in `each'
actionpack (5.1.5) lib/action_dispatch/journey/router.rb:33:in `serve'
actionpack (5.1.5) lib/action_dispatch/routing/route_set.rb:844:in `call'
rack (2.0.4) lib/rack/etag.rb:25:in `call'
rack (2.0.4) lib/rack/conditional_get.rb:38:in `call'
rack (2.0.4) lib/rack/head.rb:12:in `call'
rack (2.0.4) lib/rack/session/abstract/id.rb:232:in `context'
rack (2.0.4) lib/rack/session/abstract/id.rb:226:in `call'
actionpack (5.1.5) lib/action_dispatch/middleware/cookies.rb:613:in `call'
activerecord (5.1.5) lib/active_record/migration.rb:556:in `call'
actionpack (5.1.5) lib/action_dispatch/middleware/callbacks.rb:26:in `block in call'
activesupport (5.1.5) lib/active_support/callbacks.rb:97:in `run_callbacks'
actionpack (5.1.5) lib/action_dispatch/middleware/callbacks.rb:24:in `call'
actionpack (5.1.5) lib/action_dispatch/middleware/executor.rb:12:in `call'
actionpack (5.1.5) lib/action_dispatch/middleware/debug_exceptions.rb:59:in `call'
web-console (3.5.1) lib/web_console/middleware.rb:135:in `call_app'
web-console (3.5.1) lib/web_console/middleware.rb:28:in `block in call'
web-console (3.5.1) lib/web_console/middleware.rb:18:in `catch'
web-console (3.5.1) lib/web_console/middleware.rb:18:in `call'
actionpack (5.1.5) lib/action_dispatch/middleware/show_exceptions.rb:31:in `call'
railties (5.1.5) lib/rails/rack/logger.rb:36:in `call_app'
railties (5.1.5) lib/rails/rack/logger.rb:24:in `block in call'
activesupport (5.1.5) lib/active_support/tagged_logging.rb:69:in `block in tagged'
activesupport (5.1.5) lib/active_support/tagged_logging.rb:26:in `tagged'
activesupport (5.1.5) lib/active_support/tagged_logging.rb:69:in `tagged'
railties (5.1.5) lib/rails/rack/logger.rb:24:in `call'
sprockets-rails (3.2.1) lib/sprockets/rails/quiet_assets.rb:13:in `call'
actionpack (5.1.5) lib/action_dispatch/middleware/remote_ip.rb:79:in `call'
actionpack (5.1.5) lib/action_dispatch/middleware/request_id.rb:25:in `call'
rack (2.0.4) lib/rack/method_override.rb:22:in `call'
rack (2.0.4) lib/rack/runtime.rb:22:in `call'
activesupport (5.1.5) lib/active_support/cache/strategy/local_cache_middleware.rb:27:in `call'
actionpack (5.1.5) lib/action_dispatch/middleware/executor.rb:12:in `call'
actionpack (5.1.5) lib/action_dispatch/middleware/static.rb:125:in `call'
rack (2.0.4) lib/rack/sendfile.rb:111:in `call'
railties (5.1.5) lib/rails/engine.rb:522:in `call'
puma (3.11.2) lib/puma/configuration.rb:225:in `call'
puma (3.11.2) lib/puma/server.rb:624:in `handle_request'
puma (3.11.2) lib/puma/server.rb:438:in `process_client'
puma (3.11.2) lib/puma/server.rb:302:in `block in run'
puma (3.11.2) lib/puma/thread_pool.rb:120:in `block in spawn_thread'
Started POST "/__web_console/repl_sessions/d92637dbb7b7d8dde92bb5ac52e81261/trace" for 127.0.0.1 at 2019-06-06 15:01:00 -0400
Started POST "/__web_console/repl_sessions/d92637dbb7b7d8dde92bb5ac52e81261/trace" for 127.0.0.1 at 2019-06-06 15:01:01 -0400
Started POST "/__web_console/repl_sessions/d92637dbb7b7d8dde92bb5ac52e81261/trace" for 127.0.0.1 at 2019-06-06 15:01:02 -0400
Started POST "/__web_console/repl_sessions/d92637dbb7b7d8dde92bb5ac52e81261/trace" for 127.0.0.1 at 2019-06-06 15:01:02 -0400
Started POST "/playlists" for 127.0.0.1 at 2019-06-06 15:01:21 -0400
Processing by PlaylistsController#create as HTML
  Parameters: {"utf8"=>"✓", "authenticity_token"=>"UE4V9xmK77ZDwwMtuwLFl1L4togvA69Ye24lgRRSWd4oZim7Mfpj9tfEWzkyNm02XVuPYCOorl7nQhtV3MTFnA==", "playlist"=>{"name"=>"dad", "user_id"=>"dadad"}, "commit"=>"Create Playlist"}
Can't verify CSRF token authenticity.
Completed 422 Unprocessable Entity in 3ms (ActiveRecord: 0.0ms)


  
ActionController::InvalidAuthenticityToken (ActionController::InvalidAuthenticityToken):
  
actionpack (5.1.5) lib/action_controller/metal/request_forgery_protection.rb:195:in `handle_unverified_request'
actionpack (5.1.5) lib/action_controller/metal/request_forgery_protection.rb:227:in `handle_unverified_request'
actionpack (5.1.5) lib/action_controller/metal/request_forgery_protection.rb:222:in `verify_authenticity_token'
activesupport (5.1.5) lib/active_support/callbacks.rb:413:in `block in make_lambda'
activesupport (5.1.5) lib/active_support/callbacks.rb:197:in `block (2 levels) in halting'
actionpack (5.1.5) lib/abstract_controller/callbacks.rb:12:in `block (2 levels) in <module:Callbacks>'
activesupport (5.1.5) lib/active_support/callbacks.rb:198:in `block in halting'
activesupport (5.1.5) lib/active_support/callbacks.rb:507:in `block in invoke_before'
activesupport (5.1.5) lib/active_support/callbacks.rb:507:in `each'
activesupport (5.1.5) lib/active_support/callbacks.rb:507:in `invoke_before'
activesupport (5.1.5) lib/active_support/callbacks.rb:130:in `run_callbacks'
actionpack (5.1.5) lib/abstract_controller/callbacks.rb:19:in `process_action'
actionpack (5.1.5) lib/action_controller/metal/rescue.rb:20:in `process_action'
actionpack (5.1.5) lib/action_controller/metal/instrumentation.rb:32:in `block in process_action'
activesupport (5.1.5) lib/active_support/notifications.rb:166:in `block in instrument'
activesupport (5.1.5) lib/active_support/notifications/instrumenter.rb:21:in `instrument'
activesupport (5.1.5) lib/active_support/notifications.rb:166:in `instrument'
actionpack (5.1.5) lib/action_controller/metal/instrumentation.rb:30:in `process_action'
actionpack (5.1.5) lib/action_controller/metal/params_wrapper.rb:252:in `process_action'
activerecord (5.1.5) lib/active_record/railties/controller_runtime.rb:22:in `process_action'
actionpack (5.1.5) lib/abstract_controller/base.rb:124:in `process'
actionview (5.1.5) lib/action_view/rendering.rb:30:in `process'
actionpack (5.1.5) lib/action_controller/metal.rb:189:in `dispatch'
actionpack (5.1.5) lib/action_controller/metal.rb:253:in `dispatch'
actionpack (5.1.5) lib/action_dispatch/routing/route_set.rb:49:in `dispatch'
actionpack (5.1.5) lib/action_dispatch/routing/route_set.rb:31:in `serve'
actionpack (5.1.5) lib/action_dispatch/journey/router.rb:50:in `block in serve'
actionpack (5.1.5) lib/action_dispatch/journey/router.rb:33:in `each'
actionpack (5.1.5) lib/action_dispatch/journey/router.rb:33:in `serve'
actionpack (5.1.5) lib/action_dispatch/routing/route_set.rb:844:in `call'
rack (2.0.4) lib/rack/etag.rb:25:in `call'
rack (2.0.4) lib/rack/conditional_get.rb:38:in `call'
rack (2.0.4) lib/rack/head.rb:12:in `call'
rack (2.0.4) lib/rack/session/abstract/id.rb:232:in `context'
rack (2.0.4) lib/rack/session/abstract/id.rb:226:in `call'
actionpack (5.1.5) lib/action_dispatch/middleware/cookies.rb:613:in `call'
activerecord (5.1.5) lib/active_record/migration.rb:556:in `call'
actionpack (5.1.5) lib/action_dispatch/middleware/callbacks.rb:26:in `block in call'
activesupport (5.1.5) lib/active_support/callbacks.rb:97:in `run_callbacks'
actionpack (5.1.5) lib/action_dispatch/middleware/callbacks.rb:24:in `call'
actionpack (5.1.5) lib/action_dispatch/middleware/executor.rb:12:in `call'
actionpack (5.1.5) lib/action_dispatch/middleware/debug_exceptions.rb:59:in `call'
web-console (3.5.1) lib/web_console/middleware.rb:135:in `call_app'
web-console (3.5.1) lib/web_console/middleware.rb:28:in `block in call'
web-console (3.5.1) lib/web_console/middleware.rb:18:in `catch'
web-console (3.5.1) lib/web_console/middleware.rb:18:in `call'
actionpack (5.1.5) lib/action_dispatch/middleware/show_exceptions.rb:31:in `call'
railties (5.1.5) lib/rails/rack/logger.rb:36:in `call_app'
railties (5.1.5) lib/rails/rack/logger.rb:24:in `block in call'
activesupport (5.1.5) lib/active_support/tagged_logging.rb:69:in `block in tagged'
activesupport (5.1.5) lib/active_support/tagged_logging.rb:26:in `tagged'
activesupport (5.1.5) lib/active_support/tagged_logging.rb:69:in `tagged'
railties (5.1.5) lib/rails/rack/logger.rb:24:in `call'
sprockets-rails (3.2.1) lib/sprockets/rails/quiet_assets.rb:13:in `call'
actionpack (5.1.5) lib/action_dispatch/middleware/remote_ip.rb:79:in `call'
actionpack (5.1.5) lib/action_dispatch/middleware/request_id.rb:25:in `call'
rack (2.0.4) lib/rack/method_override.rb:22:in `call'
rack (2.0.4) lib/rack/runtime.rb:22:in `call'
activesupport (5.1.5) lib/active_support/cache/strategy/local_cache_middleware.rb:27:in `call'
actionpack (5.1.5) lib/action_dispatch/middleware/executor.rb:12:in `call'
actionpack (5.1.5) lib/action_dispatch/middleware/static.rb:125:in `call'
rack (2.0.4) lib/rack/sendfile.rb:111:in `call'
railties (5.1.5) lib/rails/engine.rb:522:in `call'
puma (3.11.2) lib/puma/configuration.rb:225:in `call'
puma (3.11.2) lib/puma/server.rb:624:in `handle_request'
puma (3.11.2) lib/puma/server.rb:438:in `process_client'
puma (3.11.2) lib/puma/server.rb:302:in `block in run'
puma (3.11.2) lib/puma/thread_pool.rb:120:in `block in spawn_thread'
  [1m[35m (0.4ms)[0m  [1m[34mSELECT pg_try_advisory_lock(4866708860584297230)[0m
  [1m[35m (0.9ms)[0m  [1m[34mSELECT "schema_migrations"."version" FROM "schema_migrations" ORDER BY "schema_migrations"."version" ASC[0m
  [1m[36mActiveRecord::InternalMetadata Load (0.5ms)[0m  [1m[34mSELECT  "ar_internal_metadata".* FROM "ar_internal_metadata" WHERE "ar_internal_metadata"."key" = $1 LIMIT $2[0m  [["key", "environment"], ["LIMIT", 1]]
  [1m[35m (0.2ms)[0m  [1m[35mBEGIN[0m
  [1m[35m (0.2ms)[0m  [1m[35mCOMMIT[0m
  [1m[35m (0.4ms)[0m  [1m[34mSELECT pg_advisory_unlock(4866708860584297230)[0m
  [1m[35m (0.4ms)[0m  [1m[34mSELECT "schema_migrations"."version" FROM "schema_migrations" ORDER BY "schema_migrations"."version" ASC[0m
  [1m[35m (0.4ms)[0m  [1m[34mSELECT pg_try_advisory_lock(4866708860584297230)[0m
  [1m[35m (1.2ms)[0m  [1m[34mSELECT "schema_migrations"."version" FROM "schema_migrations" ORDER BY "schema_migrations"."version" ASC[0m
  [1m[36mActiveRecord::InternalMetadata Load (0.5ms)[0m  [1m[34mSELECT  "ar_internal_metadata".* FROM "ar_internal_metadata" WHERE "ar_internal_metadata"."key" = $1 LIMIT $2[0m  [["key", "environment"], ["LIMIT", 1]]
  [1m[35m (0.3ms)[0m  [1m[35mBEGIN[0m
  [1m[35m (0.2ms)[0m  [1m[35mCOMMIT[0m
  [1m[35m (0.4ms)[0m  [1m[34mSELECT pg_advisory_unlock(4866708860584297230)[0m
  [1m[35m (0.5ms)[0m  [1m[34mSELECT "schema_migrations"."version" FROM "schema_migrations" ORDER BY "schema_migrations"."version" ASC[0m
  [1m[35m (1.4ms)[0m  [1m[34mSELECT "schema_migrations"."version" FROM "schema_migrations" ORDER BY "schema_migrations"."version" ASC[0m
  [1m[35m (0.4ms)[0m  [1m[34mSELECT "ar_internal_metadata"."value" FROM "ar_internal_metadata" WHERE "ar_internal_metadata"."key" = $1[0m  [["key", "environment"]]
  [1m[35m (0.4ms)[0m  [1m[34mSELECT "schema_migrations"."version" FROM "schema_migrations" ORDER BY "schema_migrations"."version" ASC[0m
  [1m[35m (0.3ms)[0m  [1m[34mSELECT "ar_internal_metadata"."value" FROM "ar_internal_metadata" WHERE "ar_internal_metadata"."key" = $1[0m  [["key", "environment"]]
  [1m[35m (0.3ms)[0m  [1m[34mSELECT "schema_migrations"."version" FROM "schema_migrations" ORDER BY "schema_migrations"."version" ASC[0m
  [1m[35m (0.4ms)[0m  [1m[34mSELECT "ar_internal_metadata"."value" FROM "ar_internal_metadata" WHERE "ar_internal_metadata"."key" = $1[0m  [["key", "environment"]]
  [1m[35m (5011.0ms)[0m  [1m[35mDROP DATABASE IF EXISTS "musify_development"[0m
  [1m[35m (0.4ms)[0m  [1m[34mSELECT pg_try_advisory_lock(4866708860584297230)[0m
  [1m[35m (1.2ms)[0m  [1m[34mSELECT "schema_migrations"."version" FROM "schema_migrations" ORDER BY "schema_migrations"."version" ASC[0m
  [1m[36mActiveRecord::InternalMetadata Load (0.6ms)[0m  [1m[34mSELECT  "ar_internal_metadata".* FROM "ar_internal_metadata" WHERE "ar_internal_metadata"."key" = $1 LIMIT $2[0m  [["key", "environment"], ["LIMIT", 1]]
  [1m[35m (0.3ms)[0m  [1m[35mBEGIN[0m
  [1m[35m (0.3ms)[0m  [1m[35mCOMMIT[0m
  [1m[35m (0.5ms)[0m  [1m[34mSELECT pg_advisory_unlock(4866708860584297230)[0m
  [1m[35m (0.9ms)[0m  [1m[34mSELECT "schema_migrations"."version" FROM "schema_migrations" ORDER BY "schema_migrations"."version" ASC[0m
Started GET "/useres" for 127.0.0.1 at 2019-06-06 15:56:16 -0400
  [1m[35m (0.9ms)[0m  [1m[34mSELECT "schema_migrations"."version" FROM "schema_migrations" ORDER BY "schema_migrations"."version" ASC[0m
  
ActionController::RoutingError (No route matches [GET] "/useres"):
  
actionpack (5.1.5) lib/action_dispatch/middleware/debug_exceptions.rb:63:in `call'
web-console (3.5.1) lib/web_console/middleware.rb:135:in `call_app'
web-console (3.5.1) lib/web_console/middleware.rb:28:in `block in call'
web-console (3.5.1) lib/web_console/middleware.rb:18:in `catch'
web-console (3.5.1) lib/web_console/middleware.rb:18:in `call'
actionpack (5.1.5) lib/action_dispatch/middleware/show_exceptions.rb:31:in `call'
railties (5.1.5) lib/rails/rack/logger.rb:36:in `call_app'
railties (5.1.5) lib/rails/rack/logger.rb:24:in `block in call'
activesupport (5.1.5) lib/active_support/tagged_logging.rb:69:in `block in tagged'
activesupport (5.1.5) lib/active_support/tagged_logging.rb:26:in `tagged'
activesupport (5.1.5) lib/active_support/tagged_logging.rb:69:in `tagged'
railties (5.1.5) lib/rails/rack/logger.rb:24:in `call'
sprockets-rails (3.2.1) lib/sprockets/rails/quiet_assets.rb:13:in `call'
actionpack (5.1.5) lib/action_dispatch/middleware/remote_ip.rb:79:in `call'
actionpack (5.1.5) lib/action_dispatch/middleware/request_id.rb:25:in `call'
rack (2.0.4) lib/rack/method_override.rb:22:in `call'
rack (2.0.4) lib/rack/runtime.rb:22:in `call'
activesupport (5.1.5) lib/active_support/cache/strategy/local_cache_middleware.rb:27:in `call'
actionpack (5.1.5) lib/action_dispatch/middleware/executor.rb:12:in `call'
actionpack (5.1.5) lib/action_dispatch/middleware/static.rb:125:in `call'
rack (2.0.4) lib/rack/sendfile.rb:111:in `call'
railties (5.1.5) lib/rails/engine.rb:522:in `call'
puma (3.11.2) lib/puma/configuration.rb:225:in `call'
puma (3.11.2) lib/puma/server.rb:624:in `handle_request'
puma (3.11.2) lib/puma/server.rb:438:in `process_client'
puma (3.11.2) lib/puma/server.rb:302:in `block in run'
puma (3.11.2) lib/puma/thread_pool.rb:120:in `block in spawn_thread'
Started GET "/useres" for 127.0.0.1 at 2019-06-06 15:56:29 -0400
  
ActionController::RoutingError (No route matches [GET] "/useres"):
  
actionpack (5.1.5) lib/action_dispatch/middleware/debug_exceptions.rb:63:in `call'
web-console (3.5.1) lib/web_console/middleware.rb:135:in `call_app'
web-console (3.5.1) lib/web_console/middleware.rb:28:in `block in call'
web-console (3.5.1) lib/web_console/middleware.rb:18:in `catch'
web-console (3.5.1) lib/web_console/middleware.rb:18:in `call'
actionpack (5.1.5) lib/action_dispatch/middleware/show_exceptions.rb:31:in `call'
railties (5.1.5) lib/rails/rack/logger.rb:36:in `call_app'
railties (5.1.5) lib/rails/rack/logger.rb:24:in `block in call'
activesupport (5.1.5) lib/active_support/tagged_logging.rb:69:in `block in tagged'
activesupport (5.1.5) lib/active_support/tagged_logging.rb:26:in `tagged'
activesupport (5.1.5) lib/active_support/tagged_logging.rb:69:in `tagged'
railties (5.1.5) lib/rails/rack/logger.rb:24:in `call'
sprockets-rails (3.2.1) lib/sprockets/rails/quiet_assets.rb:13:in `call'
actionpack (5.1.5) lib/action_dispatch/middleware/remote_ip.rb:79:in `call'
actionpack (5.1.5) lib/action_dispatch/middleware/request_id.rb:25:in `call'
rack (2.0.4) lib/rack/method_override.rb:22:in `call'
rack (2.0.4) lib/rack/runtime.rb:22:in `call'
activesupport (5.1.5) lib/active_support/cache/strategy/local_cache_middleware.rb:27:in `call'
actionpack (5.1.5) lib/action_dispatch/middleware/executor.rb:12:in `call'
actionpack (5.1.5) lib/action_dispatch/middleware/static.rb:125:in `call'
rack (2.0.4) lib/rack/sendfile.rb:111:in `call'
railties (5.1.5) lib/rails/engine.rb:522:in `call'
puma (3.11.2) lib/puma/configuration.rb:225:in `call'
puma (3.11.2) lib/puma/server.rb:624:in `handle_request'
puma (3.11.2) lib/puma/server.rb:438:in `process_client'
puma (3.11.2) lib/puma/server.rb:302:in `block in run'
puma (3.11.2) lib/puma/thread_pool.rb:120:in `block in spawn_thread'
Started GET "/user" for 127.0.0.1 at 2019-06-06 15:56:32 -0400
  
ActionController::RoutingError (No route matches [GET] "/user"):
  
actionpack (5.1.5) lib/action_dispatch/middleware/debug_exceptions.rb:63:in `call'
web-console (3.5.1) lib/web_console/middleware.rb:135:in `call_app'
web-console (3.5.1) lib/web_console/middleware.rb:28:in `block in call'
web-console (3.5.1) lib/web_console/middleware.rb:18:in `catch'
web-console (3.5.1) lib/web_console/middleware.rb:18:in `call'
actionpack (5.1.5) lib/action_dispatch/middleware/show_exceptions.rb:31:in `call'
railties (5.1.5) lib/rails/rack/logger.rb:36:in `call_app'
railties (5.1.5) lib/rails/rack/logger.rb:24:in `block in call'
activesupport (5.1.5) lib/active_support/tagged_logging.rb:69:in `block in tagged'
activesupport (5.1.5) lib/active_support/tagged_logging.rb:26:in `tagged'
activesupport (5.1.5) lib/active_support/tagged_logging.rb:69:in `tagged'
railties (5.1.5) lib/rails/rack/logger.rb:24:in `call'
sprockets-rails (3.2.1) lib/sprockets/rails/quiet_assets.rb:13:in `call'
actionpack (5.1.5) lib/action_dispatch/middleware/remote_ip.rb:79:in `call'
actionpack (5.1.5) lib/action_dispatch/middleware/request_id.rb:25:in `call'
rack (2.0.4) lib/rack/method_override.rb:22:in `call'
rack (2.0.4) lib/rack/runtime.rb:22:in `call'
activesupport (5.1.5) lib/active_support/cache/strategy/local_cache_middleware.rb:27:in `call'
actionpack (5.1.5) lib/action_dispatch/middleware/executor.rb:12:in `call'
actionpack (5.1.5) lib/action_dispatch/middleware/static.rb:125:in `call'
rack (2.0.4) lib/rack/sendfile.rb:111:in `call'
railties (5.1.5) lib/rails/engine.rb:522:in `call'
puma (3.11.2) lib/puma/configuration.rb:225:in `call'
puma (3.11.2) lib/puma/server.rb:624:in `handle_request'
puma (3.11.2) lib/puma/server.rb:438:in `process_client'
puma (3.11.2) lib/puma/server.rb:302:in `block in run'
puma (3.11.2) lib/puma/thread_pool.rb:120:in `block in spawn_thread'
Started GET "/users" for 127.0.0.1 at 2019-06-06 15:56:34 -0400
Processing by UsersController#index as HTML
  Rendering users/index.html.erb within layouts/application
  [1m[36mUser Load (1.0ms)[0m  [1m[34mSELECT "users".* FROM "users"[0m
  Rendered users/index.html.erb within layouts/application (25.9ms)
Completed 200 OK in 1683ms (Views: 1656.5ms | ActiveRecord: 13.4ms)


Started GET "/users/new" for 127.0.0.1 at 2019-06-06 15:56:38 -0400
Processing by UsersController#new as HTML
  Rendering users/new.html.erb within layouts/application
  Rendered users/_form.html.erb (658.7ms)
  Rendered users/new.html.erb within layouts/application (661.3ms)
Completed 200 OK in 741ms (Views: 719.1ms | ActiveRecord: 4.6ms)


Started GET "/users" for 127.0.0.1 at 2019-06-06 15:56:42 -0400
Processing by UsersController#index as HTML
  Rendering users/index.html.erb within layouts/application
  [1m[36mUser Load (0.8ms)[0m  [1m[34mSELECT "users".* FROM "users"[0m
  Rendered users/index.html.erb within layouts/application (5.1ms)
Completed 200 OK in 41ms (Views: 36.7ms | ActiveRecord: 0.8ms)


Started GET "/playlists" for 127.0.0.1 at 2019-06-06 15:56:45 -0400
Processing by PlaylistsController#index as HTML
  Rendering playlists/index.html.erb within layouts/application
  [1m[36mPlaylist Load (1.2ms)[0m  [1m[34mSELECT "playlists".* FROM "playlists"[0m
  Rendered playlists/index.html.erb within layouts/application (8.5ms)
Completed 200 OK in 61ms (Views: 40.1ms | ActiveRecord: 4.0ms)


Started GET "/playlists/new" for 127.0.0.1 at 2019-06-06 15:56:46 -0400
Processing by PlaylistsController#new as HTML
  [1m[36mUser Load (0.7ms)[0m  [1m[34mSELECT "users".* FROM "users"[0m
  Rendering playlists/new.html.erb within layouts/application
  Rendered playlists/_form.html.erb (6.7ms)
  Rendered playlists/new.html.erb within layouts/application (8.8ms)
Completed 200 OK in 61ms (Views: 39.8ms | ActiveRecord: 6.4ms)


Started GET "/playlists" for 127.0.0.1 at 2019-06-06 15:56:53 -0400
Processing by PlaylistsController#index as HTML
  Rendering playlists/index.html.erb within layouts/application
  [1m[36mPlaylist Load (0.5ms)[0m  [1m[34mSELECT "playlists".* FROM "playlists"[0m
  Rendered playlists/index.html.erb within layouts/application (4.2ms)
Completed 200 OK in 44ms (Views: 40.3ms | ActiveRecord: 0.5ms)


Started GET "/users/new" for 127.0.0.1 at 2019-06-06 15:57:00 -0400
Processing by UsersController#new as HTML
  Rendering users/new.html.erb within layouts/application
  Rendered users/_form.html.erb (4.0ms)
  Rendered users/new.html.erb within layouts/application (5.8ms)
Completed 200 OK in 42ms (Views: 39.6ms | ActiveRecord: 0.0ms)


Started POST "/users" for 127.0.0.1 at 2019-06-06 15:57:06 -0400
Processing by UsersController#create as HTML
  Parameters: {"utf8"=>"✓", "authenticity_token"=>"Lc6m2mE0NtsS517I5MtEXafl640TWvT6wym1Ig/ltWY5ZimjGfvKzKAd3J9aHT1FOLYrgYz+jGY00lQUi0pLkw==", "user"=>{"name"=>"alex", "email"=>"5asdasd@gmail.com"}, "commit"=>"Create User"}
  [1m[35m (0.2ms)[0m  [1m[35mBEGIN[0m
  [1m[36mUser Exists (0.9ms)[0m  [1m[34mSELECT  1 AS one FROM "users" WHERE "users"."email" = $1 LIMIT $2[0m  [["email", "5asdasd@gmail.com"], ["LIMIT", 1]]
  [1m[35mSQL (1.3ms)[0m  [1m[32mINSERT INTO "users" ("name", "email", "created_at", "updated_at") VALUES ($1, $2, $3, $4) RETURNING "id"[0m  [["name", "alex"], ["email", "5asdasd@gmail.com"], ["created_at", "2019-06-06 19:57:06.969949"], ["updated_at", "2019-06-06 19:57:06.969949"]]
  [1m[35m (1.5ms)[0m  [1m[35mCOMMIT[0m
Redirected to http://localhost:3000/users/1
Completed 302 Found in 18ms (ActiveRecord: 3.9ms)


Started GET "/users/1" for 127.0.0.1 at 2019-06-06 15:57:06 -0400
Processing by UsersController#show as HTML
  Parameters: {"id"=>"1"}
  [1m[36mUser Load (0.5ms)[0m  [1m[34mSELECT  "users".* FROM "users" WHERE "users"."id" = $1 LIMIT $2[0m  [["id", 1], ["LIMIT", 1]]
  Rendering users/show.html.erb within layouts/application
  Rendered users/show.html.erb within layouts/application (1.6ms)
Completed 200 OK in 44ms (Views: 34.8ms | ActiveRecord: 0.8ms)


Started GET "/users" for 127.0.0.1 at 2019-06-06 15:57:08 -0400
Processing by UsersController#index as HTML
  Rendering users/index.html.erb within layouts/application
  [1m[36mUser Load (0.5ms)[0m  [1m[34mSELECT "users".* FROM "users"[0m
  Rendered users/index.html.erb within layouts/application (4.3ms)
Completed 200 OK in 43ms (Views: 40.5ms | ActiveRecord: 0.5ms)


Started GET "/users/1/edit" for 127.0.0.1 at 2019-06-06 15:57:11 -0400
Processing by UsersController#edit as HTML
  Parameters: {"id"=>"1"}
  [1m[36mUser Load (1.9ms)[0m  [1m[34mSELECT  "users".* FROM "users" WHERE "users"."id" = $1 LIMIT $2[0m  [["id", 1], ["LIMIT", 1]]
  Rendering users/edit.html.erb within layouts/application
  Rendered users/_form.html.erb (4.0ms)
  Rendered users/edit.html.erb within layouts/application (9.5ms)
Completed 200 OK in 68ms (Views: 59.4ms | ActiveRecord: 1.9ms)


Started PATCH "/users/1" for 127.0.0.1 at 2019-06-06 15:57:12 -0400
Processing by UsersController#update as HTML
  Parameters: {"utf8"=>"✓", "authenticity_token"=>"hd4wCqXoGFDa4MHD84nEXeVJJ466va+PLHGVMIl0VHUnGMnsBK/IyGwBiha9OjySNeqRg1enaUYMHW3EbED4sA==", "user"=>{"name"=>"alex", "email"=>"5asdasd@gmail.com"}, "commit"=>"Update User", "id"=>"1"}
  [1m[36mUser Load (0.5ms)[0m  [1m[34mSELECT  "users".* FROM "users" WHERE "users"."id" = $1 LIMIT $2[0m  [["id", 1], ["LIMIT", 1]]
  [1m[35m (0.6ms)[0m  [1m[35mBEGIN[0m
  [1m[36mUser Exists (0.7ms)[0m  [1m[34mSELECT  1 AS one FROM "users" WHERE "users"."email" = $1 AND ("users"."id" != $2) LIMIT $3[0m  [["email", "5asdasd@gmail.com"], ["id", 1], ["LIMIT", 1]]
  [1m[35m (1.6ms)[0m  [1m[35mCOMMIT[0m
Redirected to http://localhost:3000/users/1
Completed 302 Found in 12ms (ActiveRecord: 3.7ms)


Started GET "/users/1" for 127.0.0.1 at 2019-06-06 15:57:12 -0400
Processing by UsersController#show as HTML
  Parameters: {"id"=>"1"}
  [1m[36mUser Load (0.6ms)[0m  [1m[34mSELECT  "users".* FROM "users" WHERE "users"."id" = $1 LIMIT $2[0m  [["id", 1], ["LIMIT", 1]]
  Rendering users/show.html.erb within layouts/application
  Rendered users/show.html.erb within layouts/application (1.0ms)
Completed 200 OK in 33ms (Views: 28.4ms | ActiveRecord: 0.6ms)


Started GET "/users" for 127.0.0.1 at 2019-06-06 15:57:15 -0400
Processing by UsersController#index as HTML
  Rendering users/index.html.erb within layouts/application
  [1m[36mUser Load (0.6ms)[0m  [1m[34mSELECT "users".* FROM "users"[0m
  Rendered users/index.html.erb within layouts/application (6.6ms)
Completed 200 OK in 42ms (Views: 39.4ms | ActiveRecord: 0.6ms)


Started GET "/playlists" for 127.0.0.1 at 2019-06-06 15:57:20 -0400
Processing by PlaylistsController#index as HTML
  Rendering playlists/index.html.erb within layouts/application
  [1m[36mPlaylist Load (3.6ms)[0m  [1m[34mSELECT "playlists".* FROM "playlists"[0m
  Rendered playlists/index.html.erb within layouts/application (6.6ms)
Completed 200 OK in 45ms (Views: 39.7ms | ActiveRecord: 3.6ms)


Started GET "/playlists/new" for 127.0.0.1 at 2019-06-06 15:57:22 -0400
Processing by PlaylistsController#new as HTML
  [1m[36mUser Load (5.7ms)[0m  [1m[34mSELECT "users".* FROM "users"[0m
  Rendering playlists/new.html.erb within layouts/application
  Rendered playlists/_form.html.erb (3.5ms)
  Rendered playlists/new.html.erb within layouts/application (5.2ms)
Completed 200 OK in 42ms (Views: 31.5ms | ActiveRecord: 5.7ms)


Started POST "/playlists" for 127.0.0.1 at 2019-06-06 15:57:27 -0400
Processing by PlaylistsController#create as HTML
  Parameters: {"utf8"=>"✓", "authenticity_token"=>"XnHfSsbjLc+ikBDLa0H7PxhteY7/fbJquKALUrlhpAFAq4KZbz5BqjUYgTPk/zOdZDOxvvXxHOqZRrtzs48WDw==", "playlist"=>{"name"=>"dasdasd", "user_id"=>"1"}, "commit"=>"Create Playlist"}
  [1m[35m (0.3ms)[0m  [1m[35mBEGIN[0m
  [1m[36mUser Load (0.7ms)[0m  [1m[34mSELECT  "users".* FROM "users" WHERE "users"."id" = $1 LIMIT $2[0m  [["id", 1], ["LIMIT", 1]]
  [1m[36mPlaylist Exists (1.0ms)[0m  [1m[34mSELECT  1 AS one FROM "playlists" WHERE "playlists"."name" = $1 LIMIT $2[0m  [["name", "dasdasd"], ["LIMIT", 1]]
  [1m[35mSQL (1.3ms)[0m  [1m[32mINSERT INTO "playlists" ("name", "user_id", "created_at", "updated_at") VALUES ($1, $2, $3, $4) RETURNING "id"[0m  [["name", "dasdasd"], ["user_id", 1], ["created_at", "2019-06-06 19:57:27.852622"], ["updated_at", "2019-06-06 19:57:27.852622"]]
  [1m[35m (1.2ms)[0m  [1m[35mCOMMIT[0m
Redirected to http://localhost:3000/playlists/1
Completed 302 Found in 33ms (ActiveRecord: 4.4ms)


Started GET "/playlists/1" for 127.0.0.1 at 2019-06-06 15:57:27 -0400
Processing by PlaylistsController#show as HTML
  Parameters: {"id"=>"1"}
  [1m[36mPlaylist Load (0.5ms)[0m  [1m[34mSELECT  "playlists".* FROM "playlists" WHERE "playlists"."id" = $1 LIMIT $2[0m  [["id", 1], ["LIMIT", 1]]
  Rendering playlists/show.html.erb within layouts/application
  [1m[36mUser Load (0.5ms)[0m  [1m[34mSELECT  "users".* FROM "users" WHERE "users"."id" = $1 LIMIT $2[0m  [["id", 1], ["LIMIT", 1]]
  [1m[36mSong Load (0.8ms)[0m  [1m[34mSELECT "songs".* FROM "songs" WHERE "songs"."playlist_id" = $1[0m  [["playlist_id", 1]]
  Rendered playlists/show.html.erb within layouts/application (13.6ms)
Completed 200 OK in 77ms (Views: 45.3ms | ActiveRecord: 6.5ms)


Started POST "/playlists/1/songs" for 127.0.0.1 at 2019-06-06 15:57:38 -0400
Processing by SongsController#create as HTML
  Parameters: {"utf8"=>"✓", "authenticity_token"=>"SHeS4/G/fofGyXCpLtSYe3XQh4kUMvLeld6Dog1UKg3w6o02dh+v71f13UatJC6ubZ+HBGUhZZ8yZFNWgoYImw==", "song"=>{"artist"=>"papiloma neruda", "name"=>"baby no"}, "commit"=>"Agregar", "playlist_id"=>"1"}
  [1m[36mPlaylist Load (0.3ms)[0m  [1m[34mSELECT  "playlists".* FROM "playlists" WHERE "playlists"."id" = $1 LIMIT $2[0m  [["id", 1], ["LIMIT", 1]]
  [1m[35m (0.2ms)[0m  [1m[35mBEGIN[0m
  [1m[36mUser Load (0.5ms)[0m  [1m[34mSELECT  "users".* FROM "users" WHERE "users"."id" = $1 LIMIT $2[0m  [["id", 1], ["LIMIT", 1]]
  [1m[36mPlaylist Exists (0.6ms)[0m  [1m[34mSELECT  1 AS one FROM "playlists" WHERE "playlists"."name" = $1 AND ("playlists"."id" != $2) LIMIT $3[0m  [["name", "dasdasd"], ["id", 1], ["LIMIT", 1]]
  [1m[35mSQL (1.3ms)[0m  [1m[32mINSERT INTO "songs" ("artist", "name", "playlist_id", "created_at", "updated_at") VALUES ($1, $2, $3, $4, $5) RETURNING "id"[0m  [["artist", "papiloma neruda"], ["name", "baby no"], ["playlist_id", 1], ["created_at", "2019-06-06 19:57:38.715188"], ["updated_at", "2019-06-06 19:57:38.715188"]]
  [1m[35m (1.4ms)[0m  [1m[35mCOMMIT[0m
Redirected to http://localhost:3000/playlists/1
Completed 302 Found in 18ms (ActiveRecord: 4.3ms)


Started GET "/playlists/1" for 127.0.0.1 at 2019-06-06 15:57:38 -0400
Processing by PlaylistsController#show as HTML
  Parameters: {"id"=>"1"}
  [1m[36mPlaylist Load (0.4ms)[0m  [1m[34mSELECT  "playlists".* FROM "playlists" WHERE "playlists"."id" = $1 LIMIT $2[0m  [["id", 1], ["LIMIT", 1]]
  Rendering playlists/show.html.erb within layouts/application
  [1m[36mUser Load (0.6ms)[0m  [1m[34mSELECT  "users".* FROM "users" WHERE "users"."id" = $1 LIMIT $2[0m  [["id", 1], ["LIMIT", 1]]
  [1m[36mSong Load (0.6ms)[0m  [1m[34mSELECT "songs".* FROM "songs" WHERE "songs"."playlist_id" = $1[0m  [["playlist_id", 1]]
  Rendered playlists/show.html.erb within layouts/application (10.9ms)
Completed 200 OK in 41ms (Views: 35.9ms | ActiveRecord: 1.6ms)


Started GET "/playlists" for 127.0.0.1 at 2019-06-06 15:57:41 -0400
Processing by PlaylistsController#index as HTML
  Rendering playlists/index.html.erb within layouts/application
  [1m[36mPlaylist Load (0.5ms)[0m  [1m[34mSELECT "playlists".* FROM "playlists"[0m
  [1m[36mUser Load (1.1ms)[0m  [1m[34mSELECT  "users".* FROM "users" WHERE "users"."id" = $1 LIMIT $2[0m  [["id", 1], ["LIMIT", 1]]
  Rendered playlists/index.html.erb within layouts/application (8.1ms)
Completed 200 OK in 68ms (Views: 64.2ms | ActiveRecord: 1.6ms)


Started GET "/users" for 127.0.0.1 at 2019-06-06 16:05:59 -0400
  [1m[35m (1.0ms)[0m  [1m[34mSELECT "schema_migrations"."version" FROM "schema_migrations" ORDER BY "schema_migrations"."version" ASC[0m
Processing by UsersController#index as HTML
  Rendering users/index.html.erb within layouts/application
  [1m[36mUser Load (0.8ms)[0m  [1m[34mSELECT "users".* FROM "users"[0m
  Rendered users/index.html.erb within layouts/application (24.2ms)
Completed 200 OK in 393ms (Views: 370.7ms | ActiveRecord: 6.5ms)


Started GET "/users/new" for 127.0.0.1 at 2019-06-06 16:06:02 -0400
Processing by UsersController#new as HTML
  Rendering users/new.html.erb within layouts/application
  Rendered users/_form.html.erb (630.6ms)
  Rendered users/new.html.erb within layouts/application (632.4ms)
Completed 200 OK in 658ms (Views: 655.9ms | ActiveRecord: 0.0ms)


Started GET "/users" for 127.0.0.1 at 2019-06-06 16:06:04 -0400
Processing by UsersController#index as HTML
  Rendering users/index.html.erb within layouts/application
  [1m[36mUser Load (1.1ms)[0m  [1m[34mSELECT "users".* FROM "users"[0m
  Rendered users/index.html.erb within layouts/application (27.0ms)
Completed 200 OK in 63ms (Views: 51.5ms | ActiveRecord: 9.1ms)


Started GET "/users/1/edit" for 127.0.0.1 at 2019-06-06 16:06:05 -0400
Processing by UsersController#edit as HTML
  Parameters: {"id"=>"1"}
  [1m[36mUser Load (0.6ms)[0m  [1m[34mSELECT  "users".* FROM "users" WHERE "users"."id" = $1 LIMIT $2[0m  [["id", 1], ["LIMIT", 1]]
  Rendering users/edit.html.erb within layouts/application
  Rendered users/_form.html.erb (3.9ms)
  Rendered users/edit.html.erb within layouts/application (27.9ms)
Completed 200 OK in 62ms (Views: 52.9ms | ActiveRecord: 2.1ms)


Started GET "/users/1" for 127.0.0.1 at 2019-06-06 16:06:07 -0400
Processing by UsersController#show as HTML
  Parameters: {"id"=>"1"}
  [1m[36mUser Load (0.5ms)[0m  [1m[34mSELECT  "users".* FROM "users" WHERE "users"."id" = $1 LIMIT $2[0m  [["id", 1], ["LIMIT", 1]]
  Rendering users/show.html.erb within layouts/application
  Rendered users/show.html.erb within layouts/application (1.4ms)
Completed 200 OK in 44ms (Views: 39.4ms | ActiveRecord: 0.5ms)


Started GET "/users" for 127.0.0.1 at 2019-06-06 16:06:08 -0400
Processing by UsersController#index as HTML
  Rendering users/index.html.erb within layouts/application
  [1m[36mUser Load (0.7ms)[0m  [1m[34mSELECT "users".* FROM "users"[0m
  Rendered users/index.html.erb within layouts/application (3.9ms)
Completed 200 OK in 49ms (Views: 46.4ms | ActiveRecord: 0.7ms)


Started GET "/users/new" for 127.0.0.1 at 2019-06-06 16:06:09 -0400
Processing by UsersController#new as HTML
  Rendering users/new.html.erb within layouts/application
  Rendered users/_form.html.erb (3.5ms)
  Rendered users/new.html.erb within layouts/application (5.6ms)
Completed 200 OK in 44ms (Views: 42.6ms | ActiveRecord: 0.0ms)


Started POST "/users" for 127.0.0.1 at 2019-06-06 16:06:18 -0400
Processing by UsersController#create as HTML
  Parameters: {"utf8"=>"✓", "authenticity_token"=>"sGYWS9A0yv6OVIo4NsQzk21f7RO8shoK1DBDbflZJI4fshzFqtAUsWQH40xkLyIW0/PXyezCFGtSMjkEF+oJXQ==", "user"=>{"name"=>"asdasd", "email"=>"alex_@gmail.com"}, "commit"=>"Create User"}
  [1m[35m (0.3ms)[0m  [1m[35mBEGIN[0m
  [1m[36mUser Exists (1.0ms)[0m  [1m[34mSELECT  1 AS one FROM "users" WHERE "users"."email" = $1 LIMIT $2[0m  [["email", "alex_@gmail.com"], ["LIMIT", 1]]
  [1m[35mSQL (0.8ms)[0m  [1m[32mINSERT INTO "users" ("name", "email", "created_at", "updated_at") VALUES ($1, $2, $3, $4) RETURNING "id"[0m  [["name", "asdasd"], ["email", "alex_@gmail.com"], ["created_at", "2019-06-06 20:06:18.515033"], ["updated_at", "2019-06-06 20:06:18.515033"]]
  [1m[35m (1.2ms)[0m  [1m[35mCOMMIT[0m
Redirected to http://localhost:3000/users/2
Completed 302 Found in 15ms (ActiveRecord: 3.4ms)


Started GET "/users/2" for 127.0.0.1 at 2019-06-06 16:06:18 -0400
Processing by UsersController#show as HTML
  Parameters: {"id"=>"2"}
  [1m[36mUser Load (0.4ms)[0m  [1m[34mSELECT  "users".* FROM "users" WHERE "users"."id" = $1 LIMIT $2[0m  [["id", 2], ["LIMIT", 1]]
  Rendering users/show.html.erb within layouts/application
  Rendered users/show.html.erb within layouts/application (1.4ms)
Completed 200 OK in 35ms (Views: 31.4ms | ActiveRecord: 0.6ms)


Started GET "/users/2/edit" for 127.0.0.1 at 2019-06-06 16:06:20 -0400
Processing by UsersController#edit as HTML
  Parameters: {"id"=>"2"}
  [1m[36mUser Load (0.4ms)[0m  [1m[34mSELECT  "users".* FROM "users" WHERE "users"."id" = $1 LIMIT $2[0m  [["id", 2], ["LIMIT", 1]]
  Rendering users/edit.html.erb within layouts/application
  Rendered users/_form.html.erb (3.8ms)
  Rendered users/edit.html.erb within layouts/application (5.7ms)
Completed 200 OK in 47ms (Views: 43.6ms | ActiveRecord: 0.4ms)


Started GET "/users" for 127.0.0.1 at 2019-06-06 16:06:23 -0400
Processing by UsersController#index as HTML
  Rendering users/index.html.erb within layouts/application
  [1m[36mUser Load (0.6ms)[0m  [1m[34mSELECT "users".* FROM "users"[0m
  Rendered users/index.html.erb within layouts/application (8.1ms)
Completed 200 OK in 56ms (Views: 52.7ms | ActiveRecord: 0.6ms)


Started GET "/playlists" for 127.0.0.1 at 2019-06-06 16:06:24 -0400
Processing by PlaylistsController#index as HTML
  Rendering playlists/index.html.erb within layouts/application
  [1m[36mPlaylist Load (0.9ms)[0m  [1m[34mSELECT "playlists".* FROM "playlists"[0m
  [1m[36mUser Load (0.5ms)[0m  [1m[34mSELECT  "users".* FROM "users" WHERE "users"."id" = $1 LIMIT $2[0m  [["id", 1], ["LIMIT", 1]]
  Rendered playlists/index.html.erb within layouts/application (44.0ms)
Completed 200 OK in 110ms (Views: 86.4ms | ActiveRecord: 12.9ms)


Started GET "/playlists/new" for 127.0.0.1 at 2019-06-06 16:06:27 -0400
Processing by PlaylistsController#new as HTML
  [1m[36mUser Load (0.5ms)[0m  [1m[34mSELECT "users".* FROM "users"[0m
  Rendering playlists/new.html.erb within layouts/application
  Rendered playlists/_form.html.erb (5.3ms)
  Rendered playlists/new.html.erb within layouts/application (7.3ms)
Completed 200 OK in 49ms (Views: 44.0ms | ActiveRecord: 0.5ms)


Started POST "/playlists" for 127.0.0.1 at 2019-06-06 16:06:31 -0400
Processing by PlaylistsController#create as HTML
  Parameters: {"utf8"=>"✓", "authenticity_token"=>"8Qhn5E9dzTU+DGHO/08KP8J+Mm5aqTNbWTRPA7YD5vCANabKilV5FWj6t1VJIQ99H1EIw35nQtrZafjGkSuOpA==", "playlist"=>{"name"=>"", "user_id"=>"2"}, "commit"=>"Create Playlist"}
  [1m[35m (0.2ms)[0m  [1m[35mBEGIN[0m
  [1m[36mUser Load (0.6ms)[0m  [1m[34mSELECT  "users".* FROM "users" WHERE "users"."id" = $1 LIMIT $2[0m  [["id", 2], ["LIMIT", 1]]
  [1m[36mPlaylist Exists (0.9ms)[0m  [1m[34mSELECT  1 AS one FROM "playlists" WHERE "playlists"."name" = $1 LIMIT $2[0m  [["name", ""], ["LIMIT", 1]]
  [1m[35m (0.4ms)[0m  [1m[31mROLLBACK[0m
  Rendering playlists/new.html.erb within layouts/application
  Rendered playlists/_form.html.erb (8.4ms)
  Rendered playlists/new.html.erb within layouts/application (10.1ms)
Completed 500 Internal Server Error in 24ms (ActiveRecord: 2.1ms)


  
ActionView::Template::Error (undefined method `empty?' for nil:NilClass):
    18: 
    19:   <div class="field">
    20:     <%= form.label :user_id %>
    21:     <%= form.select :user_id, @users, prompt: 'Seleccione un usuario' %>
    22:   </div>
    23: 
    24:   <div class="actions">
  
app/views/playlists/_form.html.erb:21:in `block in _app_views_playlists__form_html_erb___2303407358811662337_70222895945960'
app/views/playlists/_form.html.erb:1:in `_app_views_playlists__form_html_erb___2303407358811662337_70222895945960'
app/views/playlists/new.html.erb:3:in `_app_views_playlists_new_html_erb___3839814253945174469_70222895884120'
app/controllers/playlists_controller.rb:37:in `block (2 levels) in create'
app/controllers/playlists_controller.rb:32:in `create'
Started POST "/playlists" for 127.0.0.1 at 2019-06-06 16:40:10 -0400
Processing by PlaylistsController#create as HTML
  Parameters: {"utf8"=>"✓", "authenticity_token"=>"jgtKQmsJWlAAlwEaWw3WX41Xd9UU0NgUZQZAT5o437y6fk1Xl9T7CNza7XET6cWB1KagNTgSQwBDk9arbtG4pw==", "playlist"=>{"name"=>"", "user_id"=>"2"}, "commit"=>"Create Playlist"}
Started GET "/playlists/new" for 127.0.0.1 at 2019-06-06 16:40:10 -0400
Processing by PlaylistsController#new as HTML
  [1m[35m (0.5ms)[0m  [1m[35mBEGIN[0m
  [1m[36mUser Load (0.7ms)[0m  [1m[34mSELECT  "users".* FROM "users" WHERE "users"."id" = $1 LIMIT $2[0m  [["id", 2], ["LIMIT", 1]]
  [1m[36mUser Load (2.3ms)[0m  [1m[34mSELECT "users".* FROM "users"[0m
  [1m[36mPlaylist Exists (1.2ms)[0m  [1m[34mSELECT  1 AS one FROM "playlists" WHERE "playlists"."name" = $1 LIMIT $2[0m  [["name", ""], ["LIMIT", 1]]
  [1m[35m (1.1ms)[0m  [1m[31mROLLBACK[0m
  Rendering playlists/new.html.erb within layouts/application
  Rendered playlists/_form.html.erb (3.9ms)
  Rendering playlists/new.html.erb within layouts/application
  Rendered playlists/new.html.erb within layouts/application (7.8ms)
  Rendered playlists/_form.html.erb (4.9ms)
  Rendered playlists/new.html.erb within layouts/application (5.8ms)
Completed 500 Internal Server Error in 29ms (ActiveRecord: 3.5ms)


  
ActionView::Template::Error (undefined method `empty?' for nil:NilClass):
    18: 
    19:   <div class="field">
    20:     <%= form.label :user_id %>
    21:     <%= form.select :user_id, @users, prompt: 'Seleccione un usuario' %>
    22:   </div>
    23: 
    24:   <div class="actions">
  
app/views/playlists/_form.html.erb:21:in `block in _app_views_playlists__form_html_erb___2303407358811662337_70222895963200'
app/views/playlists/_form.html.erb:1:in `_app_views_playlists__form_html_erb___2303407358811662337_70222895963200'
app/views/playlists/new.html.erb:3:in `_app_views_playlists_new_html_erb___3839814253945174469_70222895818180'
app/controllers/playlists_controller.rb:37:in `block (2 levels) in create'
app/controllers/playlists_controller.rb:32:in `create'
Completed 200 OK in 194ms (Views: 185.6ms | ActiveRecord: 2.3ms)


Started GET "/playlists/new" for 127.0.0.1 at 2019-06-06 16:40:18 -0400
  [1m[35m (1.0ms)[0m  [1m[34mSELECT "schema_migrations"."version" FROM "schema_migrations" ORDER BY "schema_migrations"."version" ASC[0m
Processing by PlaylistsController#new as HTML
  [1m[36mUser Load (0.8ms)[0m  [1m[34mSELECT "users".* FROM "users"[0m
  Rendering playlists/new.html.erb within layouts/application
  Rendered playlists/_form.html.erb (734.3ms)
  Rendered playlists/new.html.erb within layouts/application (736.6ms)
Completed 200 OK in 1023ms (Views: 966.0ms | ActiveRecord: 14.0ms)


Started GET "/useres" for 127.0.0.1 at 2019-06-06 16:40:55 -0400
  
ActionController::RoutingError (No route matches [GET] "/useres"):
  
actionpack (5.1.5) lib/action_dispatch/middleware/debug_exceptions.rb:63:in `call'
web-console (3.5.1) lib/web_console/middleware.rb:135:in `call_app'
web-console (3.5.1) lib/web_console/middleware.rb:28:in `block in call'
web-console (3.5.1) lib/web_console/middleware.rb:18:in `catch'
web-console (3.5.1) lib/web_console/middleware.rb:18:in `call'
actionpack (5.1.5) lib/action_dispatch/middleware/show_exceptions.rb:31:in `call'
railties (5.1.5) lib/rails/rack/logger.rb:36:in `call_app'
railties (5.1.5) lib/rails/rack/logger.rb:24:in `block in call'
activesupport (5.1.5) lib/active_support/tagged_logging.rb:69:in `block in tagged'
activesupport (5.1.5) lib/active_support/tagged_logging.rb:26:in `tagged'
activesupport (5.1.5) lib/active_support/tagged_logging.rb:69:in `tagged'
railties (5.1.5) lib/rails/rack/logger.rb:24:in `call'
sprockets-rails (3.2.1) lib/sprockets/rails/quiet_assets.rb:13:in `call'
actionpack (5.1.5) lib/action_dispatch/middleware/remote_ip.rb:79:in `call'
actionpack (5.1.5) lib/action_dispatch/middleware/request_id.rb:25:in `call'
rack (2.0.4) lib/rack/method_override.rb:22:in `call'
rack (2.0.4) lib/rack/runtime.rb:22:in `call'
activesupport (5.1.5) lib/active_support/cache/strategy/local_cache_middleware.rb:27:in `call'
actionpack (5.1.5) lib/action_dispatch/middleware/executor.rb:12:in `call'
actionpack (5.1.5) lib/action_dispatch/middleware/static.rb:125:in `call'
rack (2.0.4) lib/rack/sendfile.rb:111:in `call'
railties (5.1.5) lib/rails/engine.rb:522:in `call'
puma (3.11.2) lib/puma/configuration.rb:225:in `call'
puma (3.11.2) lib/puma/server.rb:624:in `handle_request'
puma (3.11.2) lib/puma/server.rb:438:in `process_client'
puma (3.11.2) lib/puma/server.rb:302:in `block in run'
puma (3.11.2) lib/puma/thread_pool.rb:120:in `block in spawn_thread'
Started GET "/users" for 127.0.0.1 at 2019-06-06 16:40:58 -0400
Processing by UsersController#index as HTML
  Rendering users/index.html.erb within layouts/application
  [1m[36mUser Load (1.1ms)[0m  [1m[34mSELECT "users".* FROM "users"[0m
  Rendered users/index.html.erb within layouts/application (23.2ms)
Completed 200 OK in 61ms (Views: 50.0ms | ActiveRecord: 9.0ms)


Started GET "/users" for 127.0.0.1 at 2019-06-06 16:41:40 -0400
Processing by UsersController#index as HTML
  Rendering users/index.html.erb within layouts/application
  [1m[36mUser Load (0.7ms)[0m  [1m[34mSELECT "users".* FROM "users"[0m
  Rendered users/index.html.erb within layouts/application (5.1ms)
Completed 200 OK in 105ms (Views: 103.2ms | ActiveRecord: 0.7ms)


Started GET "/users" for 127.0.0.1 at 2019-06-06 16:41:57 -0400
Processing by UsersController#index as HTML
  Rendering users/index.html.erb within layouts/application
  [1m[36mUser Load (0.4ms)[0m  [1m[34mSELECT "users".* FROM "users"[0m
  Rendered users/index.html.erb within layouts/application (3.8ms)
Completed 200 OK in 37ms (Views: 34.7ms | ActiveRecord: 0.4ms)


Started GET "/users" for 127.0.0.1 at 2019-06-06 16:42:32 -0400
Processing by UsersController#index as HTML
  Rendering users/index.html.erb within layouts/application
  [1m[36mUser Load (0.5ms)[0m  [1m[34mSELECT "users".* FROM "users"[0m
  Rendered users/index.html.erb within layouts/application (5.3ms)
Completed 200 OK in 41ms (Views: 38.3ms | ActiveRecord: 0.5ms)


Started GET "/users" for 127.0.0.1 at 2019-06-06 16:43:04 -0400
Processing by UsersController#index as HTML
  Rendering users/index.html.erb within layouts/application
  [1m[36mUser Load (0.3ms)[0m  [1m[34mSELECT "users".* FROM "users"[0m
  Rendered users/index.html.erb within layouts/application (4.3ms)
Completed 200 OK in 46ms (Views: 43.6ms | ActiveRecord: 0.3ms)


Started GET "/users" for 127.0.0.1 at 2019-06-06 16:44:11 -0400
Processing by UsersController#index as HTML
  Rendering users/index.html.erb within layouts/application
  Rendered users/index.html.erb within layouts/application (4.8ms)
Completed 500 Internal Server Error in 11ms (ActiveRecord: 0.0ms)


  
SyntaxError (/home/alex/fullstack_g22/musify2/app/views/users/index.html.erb:57: syntax error, unexpected end-of-input, expecting end):
  
app/views/users/index.html.erb:57: syntax error, unexpected end-of-input, expecting end
Started GET "/users" for 127.0.0.1 at 2019-06-06 16:44:27 -0400
Processing by UsersController#index as HTML
  Rendering users/index.html.erb within layouts/application
  [1m[36mUser Load (0.6ms)[0m  [1m[34mSELECT "users".* FROM "users"[0m
  Rendered users/index.html.erb within layouts/application (6.6ms)
Completed 200 OK in 42ms (Views: 39.2ms | ActiveRecord: 0.6ms)


Started GET "/users" for 127.0.0.1 at 2019-06-06 16:45:02 -0400
Processing by UsersController#index as HTML
  Rendering users/index.html.erb within layouts/application
  [1m[36mUser Load (0.4ms)[0m  [1m[34mSELECT "users".* FROM "users"[0m
  Rendered users/index.html.erb within layouts/application (3.7ms)
Completed 200 OK in 38ms (Views: 36.1ms | ActiveRecord: 0.4ms)


Started GET "/users" for 127.0.0.1 at 2019-06-06 16:45:08 -0400
Processing by UsersController#index as HTML
  Rendering users/index.html.erb within layouts/application
  [1m[36mUser Load (0.6ms)[0m  [1m[34mSELECT "users".* FROM "users"[0m
  Rendered users/index.html.erb within layouts/application (8.3ms)
Completed 200 OK in 37ms (Views: 34.5ms | ActiveRecord: 0.6ms)


Started GET "/users" for 127.0.0.1 at 2019-06-06 16:45:14 -0400
Processing by UsersController#index as HTML
  Rendering users/index.html.erb within layouts/application
  [1m[36mUser Load (0.5ms)[0m  [1m[34mSELECT "users".* FROM "users"[0m
  Rendered users/index.html.erb within layouts/application (5.6ms)
Completed 200 OK in 39ms (Views: 37.0ms | ActiveRecord: 0.5ms)


Started GET "/users" for 127.0.0.1 at 2019-06-06 16:45:33 -0400
Processing by UsersController#index as HTML
  Rendering users/index.html.erb within layouts/application
  [1m[36mUser Load (0.5ms)[0m  [1m[34mSELECT "users".* FROM "users"[0m
  Rendered users/index.html.erb within layouts/application (4.7ms)
Completed 200 OK in 39ms (Views: 37.0ms | ActiveRecord: 0.5ms)


Started GET "/users" for 127.0.0.1 at 2019-06-06 16:45:47 -0400
Processing by UsersController#index as HTML
  Rendering users/index.html.erb within layouts/application
  [1m[36mUser Load (0.4ms)[0m  [1m[34mSELECT "users".* FROM "users"[0m
  Rendered users/index.html.erb within layouts/application (4.3ms)
Completed 200 OK in 45ms (Views: 42.7ms | ActiveRecord: 0.4ms)


Started GET "/users" for 127.0.0.1 at 2019-06-06 16:46:32 -0400
Processing by UsersController#index as HTML
  Rendering users/index.html.erb within layouts/application
  [1m[36mUser Load (0.3ms)[0m  [1m[34mSELECT "users".* FROM "users"[0m
  Rendered users/index.html.erb within layouts/application (4.2ms)
Completed 200 OK in 41ms (Views: 38.9ms | ActiveRecord: 0.3ms)


Started GET "/users" for 127.0.0.1 at 2019-06-06 16:46:46 -0400
Processing by UsersController#index as HTML
  Rendering users/index.html.erb within layouts/application
  [1m[36mUser Load (0.5ms)[0m  [1m[34mSELECT "users".* FROM "users"[0m
  Rendered users/index.html.erb within layouts/application (4.8ms)
Completed 200 OK in 37ms (Views: 34.8ms | ActiveRecord: 0.5ms)


Started GET "/users" for 127.0.0.1 at 2019-06-06 16:47:42 -0400
Processing by UsersController#index as HTML
  Rendering users/index.html.erb within layouts/application
  [1m[36mUser Load (0.5ms)[0m  [1m[34mSELECT "users".* FROM "users"[0m
  Rendered users/index.html.erb within layouts/application (4.5ms)
Completed 200 OK in 39ms (Views: 36.9ms | ActiveRecord: 0.5ms)


Started GET "/users" for 127.0.0.1 at 2019-06-06 16:47:50 -0400
Processing by UsersController#index as HTML
  Rendering users/index.html.erb within layouts/application
  [1m[36mUser Load (0.4ms)[0m  [1m[34mSELECT "users".* FROM "users"[0m
  Rendered users/index.html.erb within layouts/application (4.4ms)
Completed 200 OK in 41ms (Views: 38.8ms | ActiveRecord: 0.4ms)


Started GET "/users" for 127.0.0.1 at 2019-06-06 16:48:18 -0400
Processing by UsersController#index as HTML
  Rendering users/index.html.erb within layouts/application
  [1m[36mUser Load (0.6ms)[0m  [1m[34mSELECT "users".* FROM "users"[0m
  Rendered users/index.html.erb within layouts/application (3.9ms)
Completed 200 OK in 37ms (Views: 34.8ms | ActiveRecord: 0.6ms)


Started GET "/users/new" for 127.0.0.1 at 2019-06-06 16:50:03 -0400
Processing by UsersController#new as HTML
  Rendering users/new.html.erb within layouts/application
  Rendered users/_form.html.erb (2.8ms)
  Rendered users/new.html.erb within layouts/application (4.5ms)
Completed 200 OK in 42ms (Views: 39.4ms | ActiveRecord: 0.0ms)


Started POST "/users" for 127.0.0.1 at 2019-06-06 16:50:06 -0400
Processing by UsersController#create as HTML
  Parameters: {"utf8"=>"✓", "authenticity_token"=>"L4zcZ+mXAgX041BHxApULXaLWZakxJfOWCozve6r0CeAWNbpk3PcSh6wOTOW4UWoyCdjTPS0ma/eKEnUABj99A==", "user"=>{"name"=>"", "email"=>""}, "commit"=>"Create User"}
  [1m[35m (0.2ms)[0m  [1m[35mBEGIN[0m
  [1m[36mUser Exists (1.5ms)[0m  [1m[34mSELECT  1 AS one FROM "users" WHERE "users"."email" = $1 LIMIT $2[0m  [["email", ""], ["LIMIT", 1]]
  [1m[35m (0.3ms)[0m  [1m[31mROLLBACK[0m
  Rendering users/new.html.erb within layouts/application
  Rendered users/_form.html.erb (3.1ms)
  Rendered users/new.html.erb within layouts/application (4.4ms)
Completed 200 OK in 63ms (Views: 33.9ms | ActiveRecord: 2.0ms)


Started GET "/users" for 127.0.0.1 at 2019-06-06 16:50:07 -0400
Processing by UsersController#index as HTML
  Rendering users/index.html.erb within layouts/application
  [1m[36mUser Load (0.5ms)[0m  [1m[34mSELECT "users".* FROM "users"[0m
  Rendered users/index.html.erb within layouts/application (5.3ms)
Completed 200 OK in 42ms (Views: 39.8ms | ActiveRecord: 0.5ms)


Started GET "/users/new" for 127.0.0.1 at 2019-06-06 16:50:15 -0400
Processing by UsersController#new as HTML
  Rendering users/new.html.erb within layouts/application
  Rendered users/_form.html.erb (3.1ms)
  Rendered users/new.html.erb within layouts/application (5.0ms)
Completed 200 OK in 40ms (Views: 37.9ms | ActiveRecord: 0.0ms)


Started GET "/users" for 127.0.0.1 at 2019-06-06 16:50:17 -0400
Processing by UsersController#index as HTML
  Rendering users/index.html.erb within layouts/application
  [1m[36mUser Load (0.5ms)[0m  [1m[34mSELECT "users".* FROM "users"[0m
  Rendered users/index.html.erb within layouts/application (6.9ms)
Completed 200 OK in 50ms (Views: 45.7ms | ActiveRecord: 0.5ms)


Started GET "/playlists" for 127.0.0.1 at 2019-06-06 16:50:21 -0400
Processing by PlaylistsController#index as HTML
  Rendering playlists/index.html.erb within layouts/application
  [1m[36mPlaylist Load (0.8ms)[0m  [1m[34mSELECT "playlists".* FROM "playlists"[0m
  [1m[36mUser Load (0.5ms)[0m  [1m[34mSELECT  "users".* FROM "users" WHERE "users"."id" = $1 LIMIT $2[0m  [["id", 1], ["LIMIT", 1]]
  Rendered playlists/index.html.erb within layouts/application (28.2ms)
Completed 200 OK in 67ms (Views: 63.3ms | ActiveRecord: 1.6ms)


Started GET "/playlists" for 127.0.0.1 at 2019-06-06 16:52:20 -0400
Processing by PlaylistsController#index as HTML
  Rendering playlists/index.html.erb within layouts/application
  [1m[36mPlaylist Load (0.6ms)[0m  [1m[34mSELECT "playlists".* FROM "playlists"[0m
  [1m[36mUser Load (0.4ms)[0m  [1m[34mSELECT  "users".* FROM "users" WHERE "users"."id" = $1 LIMIT $2[0m  [["id", 1], ["LIMIT", 1]]
  Rendered playlists/index.html.erb within layouts/application (8.4ms)
Completed 200 OK in 40ms (Views: 37.0ms | ActiveRecord: 1.4ms)


Started GET "/playlists" for 127.0.0.1 at 2019-06-06 16:52:48 -0400
Processing by PlaylistsController#index as HTML
  Rendering playlists/index.html.erb within layouts/application
  [1m[36mPlaylist Load (0.4ms)[0m  [1m[34mSELECT "playlists".* FROM "playlists"[0m
  [1m[36mUser Load (0.6ms)[0m  [1m[34mSELECT  "users".* FROM "users" WHERE "users"."id" = $1 LIMIT $2[0m  [["id", 1], ["LIMIT", 1]]
  Rendered playlists/index.html.erb within layouts/application (7.1ms)
Completed 200 OK in 59ms (Views: 56.0ms | ActiveRecord: 1.0ms)


Started GET "/playlists" for 127.0.0.1 at 2019-06-06 16:53:09 -0400
Processing by PlaylistsController#index as HTML
  Rendering playlists/index.html.erb within layouts/application
  [1m[36mPlaylist Load (0.4ms)[0m  [1m[34mSELECT "playlists".* FROM "playlists"[0m
  [1m[36mUser Load (0.6ms)[0m  [1m[34mSELECT  "users".* FROM "users" WHERE "users"."id" = $1 LIMIT $2[0m  [["id", 1], ["LIMIT", 1]]
  Rendered playlists/index.html.erb within layouts/application (7.6ms)
Completed 200 OK in 46ms (Views: 43.3ms | ActiveRecord: 1.0ms)


Started GET "/playlists" for 127.0.0.1 at 2019-06-06 16:53:28 -0400
Processing by PlaylistsController#index as HTML
  Rendering playlists/index.html.erb within layouts/application
  [1m[36mPlaylist Load (0.6ms)[0m  [1m[34mSELECT "playlists".* FROM "playlists"[0m
  [1m[36mUser Load (0.7ms)[0m  [1m[34mSELECT  "users".* FROM "users" WHERE "users"."id" = $1 LIMIT $2[0m  [["id", 1], ["LIMIT", 1]]
  Rendered playlists/index.html.erb within layouts/application (7.6ms)
Completed 200 OK in 44ms (Views: 41.0ms | ActiveRecord: 1.3ms)


Started GET "/playlists/1" for 127.0.0.1 at 2019-06-06 16:53:35 -0400
Processing by PlaylistsController#show as HTML
  Parameters: {"id"=>"1"}
  [1m[36mPlaylist Load (0.5ms)[0m  [1m[34mSELECT  "playlists".* FROM "playlists" WHERE "playlists"."id" = $1 LIMIT $2[0m  [["id", 1], ["LIMIT", 1]]
  Rendering playlists/show.html.erb within layouts/application
  [1m[36mUser Load (0.5ms)[0m  [1m[34mSELECT  "users".* FROM "users" WHERE "users"."id" = $1 LIMIT $2[0m  [["id", 1], ["LIMIT", 1]]
  [1m[36mSong Load (0.7ms)[0m  [1m[34mSELECT "songs".* FROM "songs" WHERE "songs"."playlist_id" = $1[0m  [["playlist_id", 1]]
  Rendered playlists/show.html.erb within layouts/application (13.7ms)
Completed 200 OK in 74ms (Views: 36.4ms | ActiveRecord: 12.6ms)


